{"/home/dempsey/Documents/workshops/connect4-http/src/app.ts": {"path":"/home/dempsey/Documents/workshops/connect4-http/src/app.ts","statementMap":{"0":{"start":{"line":5,"column":19},"end":{"line":5,"column":62}},"1":{"start":{"line":6,"column":12},"end":{"line":6,"column":21}},"2":{"start":{"line":7,"column":0},"end":{"line":7,"column":24}},"3":{"start":{"line":8,"column":0},"end":{"line":8,"column":52}}},"fnMap":{},"branchMap":{},"s":{"0":1,"1":1,"2":1,"3":1},"f":{},"b":{},"_coverageSchema":"1a1c01bbd47fc00a2c39e90264f33305004495a9","hash":"186263a5540c1c95b23985977e426d5fde9db8e4"}
,"/home/dempsey/Documents/workshops/connect4-http/src/to-be-uuid.ts": {"path":"/home/dempsey/Documents/workshops/connect4-http/src/to-be-uuid.ts","statementMap":{"0":{"start":{"line":5,"column":2},"end":{"line":5,"column":66}},"1":{"start":{"line":7,"column":54},"end":{"line":16,"column":1}},"2":{"start":{"line":11,"column":20},"end":{"line":11,"column":30}},"3":{"start":{"line":12,"column":2},"end":{"line":15,"column":4}},"4":{"start":{"line":14,"column":19},"end":{"line":14,"column":79}},"5":{"start":{"line":18,"column":0},"end":{"line":20,"column":3}}},"fnMap":{"0":{"name":"(anonymous_0)","decl":{"start":{"line":7,"column":54},"end":{"line":7,"column":55}},"loc":{"start":{"line":10,"column":17},"end":{"line":16,"column":1}},"line":10},"1":{"name":"(anonymous_1)","decl":{"start":{"line":14,"column":13},"end":{"line":14,"column":14}},"loc":{"start":{"line":14,"column":19},"end":{"line":14,"column":79}},"line":14}},"branchMap":{"0":{"loc":{"start":{"line":11,"column":20},"end":{"line":11,"column":30}},"type":"binary-expr","locations":[{"start":{"line":11,"column":20},"end":{"line":11,"column":24}},{"start":{"line":11,"column":28},"end":{"line":11,"column":30}}],"line":11},"1":{"loc":{"start":{"line":14,"column":37},"end":{"line":14,"column":69}},"type":"cond-expr","locations":[{"start":{"line":14,"column":45},"end":{"line":14,"column":54}},{"start":{"line":14,"column":57},"end":{"line":14,"column":69}}],"line":14}},"s":{"0":5,"1":5,"2":11,"3":11,"4":4,"5":5},"f":{"0":11,"1":4},"b":{"0":[11,4],"1":[2,2]},"_coverageSchema":"1a1c01bbd47fc00a2c39e90264f33305004495a9","hash":"ec495f39c447cd0e91cb068068316fc81dcf9720"}
,"/home/dempsey/Documents/workshops/connect4-http/src/validate-user-register-request-body.ts": {"path":"/home/dempsey/Documents/workshops/connect4-http/src/validate-user-register-request-body.ts","statementMap":{"0":{"start":{"line":6,"column":15},"end":{"line":11,"column":2}},"1":{"start":{"line":16,"column":27},"end":{"line":18,"column":4}},"2":{"start":{"line":19,"column":18},"end":{"line":19,"column":78}},"3":{"start":{"line":20,"column":2},"end":{"line":37,"column":3}},"4":{"start":{"line":21,"column":4},"end":{"line":36,"column":6}},"5":{"start":{"line":38,"column":2},"end":{"line":38,"column":21}}},"fnMap":{"0":{"name":"validateUserRegisterRequestBody","decl":{"start":{"line":13,"column":9},"end":{"line":13,"column":40}},"loc":{"start":{"line":15,"column":20},"end":{"line":39,"column":1}},"line":15}},"branchMap":{"0":{"loc":{"start":{"line":20,"column":2},"end":{"line":37,"column":3}},"type":"if","locations":[{"start":{"line":20,"column":2},"end":{"line":37,"column":3}},{"start":{},"end":{}}],"line":20}},"s":{"0":2,"1":7,"2":7,"3":7,"4":3,"5":4},"f":{"0":7},"b":{"0":[3,4]},"_coverageSchema":"1a1c01bbd47fc00a2c39e90264f33305004495a9","hash":"931ec450173ef5da0deeedf0e05e5c11df4cb60c"}
,"/home/dempsey/Documents/workshops/connect4-http/src/user/in-memory-user-repository.ts": {"path":"/home/dempsey/Documents/workshops/connect4-http/src/user/in-memory-user-repository.ts","statementMap":{"0":{"start":{"line":6,"column":4},"end":{"line":6,"column":27}},"1":{"start":{"line":10,"column":21},"end":{"line":10,"column":40}},"2":{"start":{"line":11,"column":4},"end":{"line":11,"column":64}},"3":{"start":{"line":12,"column":4},"end":{"line":12,"column":56}},"4":{"start":{"line":16,"column":4},"end":{"line":18,"column":6}},"5":{"start":{"line":17,"column":55},"end":{"line":17,"column":75}}},"fnMap":{"0":{"name":"(anonymous_0)","decl":{"start":{"line":5,"column":2},"end":{"line":5,"column":3}},"loc":{"start":{"line":5,"column":16},"end":{"line":7,"column":3}},"line":5},"1":{"name":"(anonymous_1)","decl":{"start":{"line":9,"column":2},"end":{"line":9,"column":3}},"loc":{"start":{"line":9,"column":51},"end":{"line":13,"column":3}},"line":9},"2":{"name":"(anonymous_2)","decl":{"start":{"line":15,"column":2},"end":{"line":15,"column":3}},"loc":{"start":{"line":15,"column":35},"end":{"line":19,"column":3}},"line":15},"3":{"name":"(anonymous_3)","decl":{"start":{"line":17,"column":45},"end":{"line":17,"column":46}},"loc":{"start":{"line":17,"column":55},"end":{"line":17,"column":75}},"line":17}},"branchMap":{},"s":{"0":7,"1":8,"2":8,"3":8,"4":11,"5":7},"f":{"0":7,"1":8,"2":11,"3":7},"b":{},"_coverageSchema":"1a1c01bbd47fc00a2c39e90264f33305004495a9","hash":"d7c46032e08bd6da82068bb7595b59bef458d283"}
,"/home/dempsey/Documents/workshops/connect4-http/src/user/resolve-routers.ts": {"path":"/home/dempsey/Documents/workshops/connect4-http/src/user/resolve-routers.ts","statementMap":{"0":{"start":{"line":11,"column":23},"end":{"line":20,"column":1}},"1":{"start":{"line":13,"column":4},"end":{"line":15,"column":36}},"2":{"start":{"line":16,"column":22},"end":{"line":16,"column":53}},"3":{"start":{"line":17,"column":2},"end":{"line":19,"column":4}}},"fnMap":{"0":{"name":"(anonymous_0)","decl":{"start":{"line":11,"column":23},"end":{"line":11,"column":24}},"loc":{"start":{"line":11,"column":65},"end":{"line":20,"column":1}},"line":11}},"branchMap":{"0":{"loc":{"start":{"line":13,"column":4},"end":{"line":15,"column":36}},"type":"cond-expr","locations":[{"start":{"line":14,"column":8},"end":{"line":14,"column":36}},{"start":{"line":15,"column":8},"end":{"line":15,"column":36}}],"line":13}},"s":{"0":1,"1":1,"2":1,"3":1},"f":{"0":1},"b":{"0":[1,0]},"_coverageSchema":"1a1c01bbd47fc00a2c39e90264f33305004495a9","hash":"f78b5e1bf2f74d9687457f83d1eba5cfca141983"}
,"/home/dempsey/Documents/workshops/connect4-http/src/user/user-router.ts": {"path":"/home/dempsey/Documents/workshops/connect4-http/src/user/user-router.ts","statementMap":{"0":{"start":{"line":6,"column":2},"end":{"line":6,"column":63}},"1":{"start":{"line":6,"column":41},"end":{"line":6,"column":63}},"2":{"start":{"line":9,"column":2},"end":{"line":22,"column":3}},"3":{"start":{"line":9,"column":41},"end":{"line":22,"column":3}},"4":{"start":{"line":10,"column":32},"end":{"line":10,"column":73}},"5":{"start":{"line":11,"column":4},"end":{"line":13,"column":5}},"6":{"start":{"line":12,"column":6},"end":{"line":12,"column":39}},"7":{"start":{"line":14,"column":53},"end":{"line":14,"column":61}},"8":{"start":{"line":15,"column":4},"end":{"line":21,"column":19}},"9":{"start":{"line":17,"column":22},"end":{"line":17,"column":48}},"10":{"start":{"line":19,"column":8},"end":{"line":19,"column":56}},"11":{"start":{"line":24,"column":26},"end":{"line":31,"column":1}},"12":{"start":{"line":25,"column":21},"end":{"line":25,"column":37}},"13":{"start":{"line":27,"column":2},"end":{"line":27,"column":75}},"14":{"start":{"line":28,"column":2},"end":{"line":28,"column":69}},"15":{"start":{"line":30,"column":2},"end":{"line":30,"column":20}}},"fnMap":{"0":{"name":"(anonymous_0)","decl":{"start":{"line":6,"column":2},"end":{"line":6,"column":3}},"loc":{"start":{"line":6,"column":41},"end":{"line":6,"column":63}},"line":6},"1":{"name":"(anonymous_1)","decl":{"start":{"line":6,"column":41},"end":{"line":6,"column":42}},"loc":{"start":{"line":6,"column":61},"end":{"line":6,"column":63}},"line":6},"2":{"name":"(anonymous_2)","decl":{"start":{"line":9,"column":2},"end":{"line":9,"column":3}},"loc":{"start":{"line":9,"column":41},"end":{"line":22,"column":3}},"line":9},"3":{"name":"(anonymous_3)","decl":{"start":{"line":9,"column":41},"end":{"line":9,"column":42}},"loc":{"start":{"line":9,"column":61},"end":{"line":22,"column":3}},"line":9},"4":{"name":"(anonymous_4)","decl":{"start":{"line":17,"column":12},"end":{"line":17,"column":13}},"loc":{"start":{"line":17,"column":22},"end":{"line":17,"column":48}},"line":17},"5":{"name":"(anonymous_5)","decl":{"start":{"line":18,"column":13},"end":{"line":18,"column":14}},"loc":{"start":{"line":18,"column":29},"end":{"line":20,"column":7}},"line":18},"6":{"name":"(anonymous_6)","decl":{"start":{"line":24,"column":26},"end":{"line":24,"column":27}},"loc":{"start":{"line":24,"column":65},"end":{"line":31,"column":1}},"line":24}},"branchMap":{"0":{"loc":{"start":{"line":11,"column":4},"end":{"line":13,"column":5}},"type":"if","locations":[{"start":{"line":11,"column":4},"end":{"line":13,"column":5}},{"start":{},"end":{}}],"line":11}},"s":{"0":1,"1":1,"2":1,"3":1,"4":4,"5":4,"6":1,"7":4,"8":4,"9":1,"10":2,"11":1,"12":1,"13":1,"14":1,"15":1},"f":{"0":1,"1":0,"2":1,"3":4,"4":1,"5":2,"6":1},"b":{"0":[1,3]},"_coverageSchema":"1a1c01bbd47fc00a2c39e90264f33305004495a9","hash":"4435990220196a71df50c07bc3fe7da3e3c88c5c"}
,"/home/dempsey/Documents/workshops/connect4-http/src/user/user-service.ts": {"path":"/home/dempsey/Documents/workshops/connect4-http/src/user/user-service.ts","statementMap":{"0":{"start":{"line":18,"column":4},"end":{"line":18,"column":41}},"1":{"start":{"line":22,"column":4},"end":{"line":29,"column":5}},"2":{"start":{"line":23,"column":6},"end":{"line":26,"column":9}},"3":{"start":{"line":28,"column":6},"end":{"line":28,"column":80}},"4":{"start":{"line":33,"column":24},"end":{"line":33,"column":68}},"5":{"start":{"line":34,"column":28},"end":{"line":37,"column":5}},"6":{"start":{"line":38,"column":4},"end":{"line":40,"column":5}},"7":{"start":{"line":39,"column":6},"end":{"line":39,"column":49}}},"fnMap":{"0":{"name":"(anonymous_0)","decl":{"start":{"line":17,"column":2},"end":{"line":17,"column":3}},"loc":{"start":{"line":17,"column":46},"end":{"line":19,"column":3}},"line":17},"1":{"name":"(anonymous_1)","decl":{"start":{"line":21,"column":2},"end":{"line":21,"column":3}},"loc":{"start":{"line":21,"column":34},"end":{"line":30,"column":3}},"line":21},"2":{"name":"(anonymous_2)","decl":{"start":{"line":32,"column":2},"end":{"line":32,"column":3}},"loc":{"start":{"line":32,"column":52},"end":{"line":41,"column":3}},"line":32}},"branchMap":{"0":{"loc":{"start":{"line":22,"column":4},"end":{"line":29,"column":5}},"type":"if","locations":[{"start":{"line":22,"column":4},"end":{"line":29,"column":5}},{"start":{"line":27,"column":11},"end":{"line":29,"column":5}}],"line":22},"1":{"loc":{"start":{"line":38,"column":4},"end":{"line":40,"column":5}},"type":"if","locations":[{"start":{"line":38,"column":4},"end":{"line":40,"column":5}},{"start":{},"end":{}}],"line":38}},"s":{"0":5,"1":9,"2":6,"3":3,"4":1,"5":1,"6":0,"7":0},"f":{"0":5,"1":9,"2":1},"b":{"0":[6,3],"1":[0,0]},"_coverageSchema":"1a1c01bbd47fc00a2c39e90264f33305004495a9","hash":"4bf19ff5d8fd59d401d8d7054254a8dcdba8e50e"}
}
