{"/home/dempsey/Documents/workshops/connect4-http/dist/to-be-uuid.js": {"path":"/home/dempsey/Documents/workshops/connect4-http/dist/to-be-uuid.js","statementMap":{"0":{"start":{"line":2,"column":0},"end":{"line":2,"column":62}},"1":{"start":{"line":3,"column":18},"end":{"line":3,"column":42}},"2":{"start":{"line":4,"column":19},"end":{"line":4,"column":83}},"3":{"start":{"line":5,"column":17},"end":{"line":11,"column":1}},"4":{"start":{"line":6,"column":22},"end":{"line":6,"column":66}},"5":{"start":{"line":7,"column":4},"end":{"line":10,"column":6}},"6":{"start":{"line":9,"column":23},"end":{"line":9,"column":83}},"7":{"start":{"line":12,"column":0},"end":{"line":14,"column":3}},"8":{"start":{"line":15,"column":0},"end":{"line":15,"column":27}}},"fnMap":{"0":{"name":"(anonymous_0)","decl":{"start":{"line":5,"column":17},"end":{"line":5,"column":18}},"loc":{"start":{"line":5,"column":37},"end":{"line":11,"column":1}},"line":5},"1":{"name":"(anonymous_1)","decl":{"start":{"line":9,"column":17},"end":{"line":9,"column":18}},"loc":{"start":{"line":9,"column":23},"end":{"line":9,"column":83}},"line":9}},"branchMap":{"0":{"loc":{"start":{"line":6,"column":22},"end":{"line":6,"column":66}},"type":"cond-expr","locations":[{"start":{"line":6,"column":57},"end":{"line":6,"column":61}},{"start":{"line":6,"column":64},"end":{"line":6,"column":66}}],"line":6},"1":{"loc":{"start":{"line":6,"column":22},"end":{"line":6,"column":54}},"type":"binary-expr","locations":[{"start":{"line":6,"column":22},"end":{"line":6,"column":35}},{"start":{"line":6,"column":39},"end":{"line":6,"column":54}}],"line":6},"2":{"loc":{"start":{"line":9,"column":41},"end":{"line":9,"column":73}},"type":"cond-expr","locations":[{"start":{"line":9,"column":49},"end":{"line":9,"column":58}},{"start":{"line":9,"column":61},"end":{"line":9,"column":73}}],"line":9}},"s":{"0":1,"1":1,"2":1,"3":1,"4":8,"5":8,"6":4,"7":1,"8":1},"f":{"0":8,"1":4},"b":{"0":[4,4],"1":[8,8],"2":[2,2]},"_coverageSchema":"1a1c01bbd47fc00a2c39e90264f33305004495a9","hash":"ddd71f14a350a364423b3d765aa6c780b6553a16"}
,"/home/dempsey/Documents/workshops/connect4-http/src/app.ts": {"path":"/home/dempsey/Documents/workshops/connect4-http/src/app.ts","statementMap":{"0":{"start":{"line":4,"column":12},"end":{"line":4,"column":21}},"1":{"start":{"line":5,"column":13},"end":{"line":5,"column":17}},"2":{"start":{"line":7,"column":0},"end":{"line":7,"column":29}}},"fnMap":{},"branchMap":{},"s":{"0":2,"1":2,"2":2},"f":{},"b":{},"_coverageSchema":"1a1c01bbd47fc00a2c39e90264f33305004495a9","hash":"cb23d7b67ffebc30d10604a17de8e681a61df288"}
,"/home/dempsey/Documents/workshops/connect4-http/src/to-be-uuid.ts": {"path":"/home/dempsey/Documents/workshops/connect4-http/src/to-be-uuid.ts","statementMap":{"0":{"start":{"line":5,"column":2},"end":{"line":5,"column":66}},"1":{"start":{"line":7,"column":54},"end":{"line":16,"column":1}},"2":{"start":{"line":11,"column":20},"end":{"line":11,"column":30}},"3":{"start":{"line":12,"column":2},"end":{"line":15,"column":4}},"4":{"start":{"line":14,"column":19},"end":{"line":14,"column":79}},"5":{"start":{"line":18,"column":0},"end":{"line":20,"column":3}}},"fnMap":{"0":{"name":"(anonymous_0)","decl":{"start":{"line":7,"column":54},"end":{"line":7,"column":55}},"loc":{"start":{"line":10,"column":17},"end":{"line":16,"column":1}},"line":10},"1":{"name":"(anonymous_1)","decl":{"start":{"line":14,"column":13},"end":{"line":14,"column":14}},"loc":{"start":{"line":14,"column":19},"end":{"line":14,"column":79}},"line":14}},"branchMap":{"0":{"loc":{"start":{"line":11,"column":20},"end":{"line":11,"column":30}},"type":"binary-expr","locations":[{"start":{"line":11,"column":20},"end":{"line":11,"column":24}},{"start":{"line":11,"column":28},"end":{"line":11,"column":30}}],"line":11},"1":{"loc":{"start":{"line":14,"column":37},"end":{"line":14,"column":69}},"type":"cond-expr","locations":[{"start":{"line":14,"column":45},"end":{"line":14,"column":54}},{"start":{"line":14,"column":57},"end":{"line":14,"column":69}}],"line":14}},"s":{"0":6,"1":6,"2":9,"3":9,"4":4,"5":6},"f":{"0":9,"1":4},"b":{"0":[9,4],"1":[2,2]},"_coverageSchema":"1a1c01bbd47fc00a2c39e90264f33305004495a9","hash":"ec495f39c447cd0e91cb068068316fc81dcf9720"}
,"/home/dempsey/Documents/workshops/connect4-http/src/user/in-memory-user-repository.ts": {"path":"/home/dempsey/Documents/workshops/connect4-http/src/user/in-memory-user-repository.ts","statementMap":{"0":{"start":{"line":2,"column":18},"end":{"line":2,"column":27}},"1":{"start":{"line":4,"column":4},"end":{"line":4,"column":27}},"2":{"start":{"line":8,"column":21},"end":{"line":8,"column":40}},"3":{"start":{"line":9,"column":4},"end":{"line":9,"column":41}},"4":{"start":{"line":10,"column":43},"end":{"line":10,"column":47}},"5":{"start":{"line":11,"column":4},"end":{"line":16,"column":6}}},"fnMap":{"0":{"name":"(anonymous_0)","decl":{"start":{"line":3,"column":2},"end":{"line":3,"column":3}},"loc":{"start":{"line":3,"column":16},"end":{"line":5,"column":3}},"line":3},"1":{"name":"(anonymous_1)","decl":{"start":{"line":7,"column":2},"end":{"line":7,"column":3}},"loc":{"start":{"line":7,"column":63},"end":{"line":17,"column":3}},"line":7}},"branchMap":{},"s":{"0":2,"1":2,"2":2,"3":2,"4":2,"5":2},"f":{"0":2,"1":2},"b":{},"_coverageSchema":"1a1c01bbd47fc00a2c39e90264f33305004495a9","hash":"1234dbeee1c11083370e5dc65b1648f3f92cb978"}
,"/home/dempsey/Documents/workshops/connect4-http/src/user/user-router.ts": {"path":"/home/dempsey/Documents/workshops/connect4-http/src/user/user-router.ts","statementMap":{"0":{"start":{"line":4,"column":26},"end":{"line":14,"column":1}},"1":{"start":{"line":5,"column":21},"end":{"line":5,"column":37}},"2":{"start":{"line":6,"column":2},"end":{"line":12,"column":5}},"3":{"start":{"line":7,"column":43},"end":{"line":7,"column":51}},"4":{"start":{"line":8,"column":4},"end":{"line":11,"column":19}},"5":{"start":{"line":10,"column":22},"end":{"line":10,"column":48}},"6":{"start":{"line":13,"column":2},"end":{"line":13,"column":20}}},"fnMap":{"0":{"name":"(anonymous_0)","decl":{"start":{"line":4,"column":26},"end":{"line":4,"column":27}},"loc":{"start":{"line":4,"column":65},"end":{"line":14,"column":1}},"line":4},"1":{"name":"(anonymous_1)","decl":{"start":{"line":6,"column":31},"end":{"line":6,"column":32}},"loc":{"start":{"line":6,"column":51},"end":{"line":12,"column":3}},"line":6},"2":{"name":"(anonymous_2)","decl":{"start":{"line":10,"column":12},"end":{"line":10,"column":13}},"loc":{"start":{"line":10,"column":22},"end":{"line":10,"column":48}},"line":10}},"branchMap":{},"s":{"0":2,"1":0,"2":0,"3":0,"4":0,"5":0,"6":0},"f":{"0":0,"1":0,"2":0},"b":{},"_coverageSchema":"1a1c01bbd47fc00a2c39e90264f33305004495a9","hash":"3af56c23405cb9664a395bf1721c4709863719c9"}
,"/home/dempsey/Documents/workshops/connect4-http/src/user/user-service.ts": {"path":"/home/dempsey/Documents/workshops/connect4-http/src/user/user-service.ts","statementMap":{"0":{"start":{"line":15,"column":4},"end":{"line":15,"column":42}},"1":{"start":{"line":19,"column":4},"end":{"line":19,"column":58}}},"fnMap":{"0":{"name":"(anonymous_0)","decl":{"start":{"line":14,"column":2},"end":{"line":14,"column":3}},"loc":{"start":{"line":14,"column":46},"end":{"line":16,"column":3}},"line":14},"1":{"name":"(anonymous_1)","decl":{"start":{"line":18,"column":2},"end":{"line":18,"column":3}},"loc":{"start":{"line":18,"column":34},"end":{"line":20,"column":3}},"line":18}},"branchMap":{},"s":{"0":1,"1":1},"f":{"0":1,"1":1},"b":{},"_coverageSchema":"1a1c01bbd47fc00a2c39e90264f33305004495a9","hash":"e673250b11dfbf7fcbc1888413b2ed378f1edc5b"}
}
