TN:
SF:dist/to-be-uuid.js
FN:5,(anonymous_0)
FN:9,(anonymous_1)
FNF:2
FNH:2
FNDA:8,(anonymous_0)
FNDA:4,(anonymous_1)
DA:2,1
DA:3,1
DA:4,1
DA:5,1
DA:6,8
DA:7,8
DA:9,4
DA:12,1
DA:15,1
LF:9
LH:9
BRDA:6,0,0,4
BRDA:6,0,1,4
BRDA:6,1,0,8
BRDA:6,1,1,8
BRDA:9,2,0,2
BRDA:9,2,1,2
BRF:6
BRH:6
end_of_record
TN:
SF:src/app.ts
FNF:0
FNH:0
DA:6,2
DA:7,2
DA:8,2
DA:9,2
DA:10,2
LF:5
LH:5
BRF:0
BRH:0
end_of_record
TN:
SF:src/to-be-uuid.ts
FN:7,(anonymous_0)
FN:14,(anonymous_1)
FNF:2
FNH:2
FNDA:9,(anonymous_0)
FNDA:4,(anonymous_1)
DA:5,6
DA:7,6
DA:11,9
DA:12,9
DA:14,4
DA:18,6
LF:6
LH:6
BRDA:11,0,0,9
BRDA:11,0,1,4
BRDA:14,1,0,2
BRDA:14,1,1,2
BRF:4
BRH:4
end_of_record
TN:
SF:src/user/in-memory-user-repository.ts
FN:9,(anonymous_0)
FN:13,(anonymous_1)
FNF:2
FNH:2
FNDA:5,(anonymous_0)
FNDA:2,(anonymous_1)
DA:8,5
DA:10,5
DA:14,2
DA:15,2
DA:16,2
DA:17,2
LF:6
LH:6
BRF:0
BRH:0
end_of_record
TN:
SF:src/user/resolve-routers.ts
FN:11,(anonymous_0)
FNF:1
FNH:1
FNDA:2,(anonymous_0)
DA:11,2
DA:13,2
DA:16,2
DA:17,2
LF:4
LH:4
BRDA:13,0,0,2
BRDA:13,0,1,0
BRF:2
BRH:1
end_of_record
TN:
SF:src/user/user-router-factory.ts
FN:4,(anonymous_0)
FN:6,(anonymous_1)
FN:10,(anonymous_2)
FNF:3
FNH:1
FNDA:3,(anonymous_0)
FNDA:0,(anonymous_1)
FNDA:0,(anonymous_2)
DA:4,2
DA:5,3
DA:6,3
DA:7,0
DA:8,0
DA:10,0
DA:13,3
LF:7
LH:4
BRF:0
BRH:0
end_of_record
TN:
SF:src/user/user-service.ts
FN:16,(anonymous_0)
FN:20,(anonymous_1)
FNF:2
FNH:2
FNDA:4,(anonymous_0)
FNDA:1,(anonymous_1)
DA:17,4
DA:21,1
LF:2
LH:2
BRF:0
BRH:0
end_of_record
