TN:
SF:dist/to-be-uuid.js
FN:5,(anonymous_0)
FN:9,(anonymous_1)
FNF:2
FNH:2
FNDA:8,(anonymous_0)
FNDA:4,(anonymous_1)
DA:2,1
DA:3,1
DA:4,1
DA:5,1
DA:6,8
DA:7,8
DA:9,4
DA:12,1
DA:15,1
LF:9
LH:9
BRDA:6,0,0,4
BRDA:6,0,1,4
BRDA:6,1,0,8
BRDA:6,1,1,8
BRDA:9,2,0,2
BRDA:9,2,1,2
BRF:6
BRH:6
end_of_record
TN:
SF:src/app.ts
FNF:0
FNH:0
DA:4,2
DA:5,2
DA:7,2
LF:3
LH:3
BRF:0
BRH:0
end_of_record
TN:
SF:src/to-be-uuid.ts
FN:7,(anonymous_0)
FN:14,(anonymous_1)
FNF:2
FNH:2
FNDA:9,(anonymous_0)
FNDA:4,(anonymous_1)
DA:5,6
DA:7,6
DA:11,9
DA:12,9
DA:14,4
DA:18,6
LF:6
LH:6
BRDA:11,0,0,9
BRDA:11,0,1,4
BRDA:14,1,0,2
BRDA:14,1,1,2
BRF:4
BRH:4
end_of_record
TN:
SF:src/user/in-memory-user-repository.ts
FN:3,(anonymous_0)
FN:7,(anonymous_1)
FNF:2
FNH:2
FNDA:2,(anonymous_0)
FNDA:2,(anonymous_1)
DA:2,2
DA:4,2
DA:8,2
DA:9,2
DA:10,2
DA:11,2
LF:6
LH:6
BRF:0
BRH:0
end_of_record
TN:
SF:src/user/user-router.ts
FN:4,(anonymous_0)
FN:6,(anonymous_1)
FN:10,(anonymous_2)
FNF:3
FNH:0
FNDA:0,(anonymous_0)
FNDA:0,(anonymous_1)
FNDA:0,(anonymous_2)
DA:4,2
DA:5,0
DA:6,0
DA:7,0
DA:8,0
DA:10,0
DA:13,0
LF:7
LH:1
BRF:0
BRH:0
end_of_record
TN:
SF:src/user/user-service.ts
FN:14,(anonymous_0)
FN:18,(anonymous_1)
FNF:2
FNH:2
FNDA:1,(anonymous_0)
FNDA:1,(anonymous_1)
DA:15,1
DA:19,1
LF:2
LH:2
BRF:0
BRH:0
end_of_record
